<?xml version="1.0" encoding="UTF-8"?>
<testng-results ignored="0" total="1" passed="1" failed="0" skipped="0">
  <reporter-output>
  </reporter-output>
  <suite started-at="2023-11-05T13:20:25 IST" name="Default suite" finished-at="2023-11-05T13:21:10 IST" duration-ms="44778">
    <groups>
    </groups>
    <test started-at="2023-11-05T13:20:25 IST" name="Default test" finished-at="2023-11-05T13:21:10 IST" duration-ms="44778">
      <class name="Crud1.crud01">
        <test-method signature="CreateUser()[pri:0, instance:Crud1.crud01@740cae06]" started-at="2023-11-05T13:20:25 IST" name="CreateUser" finished-at="2023-11-05T13:21:10 IST" duration-ms="44493" status="PASS">
          <reporter-output>
          </reporter-output>
        </test-method> <!-- CreateUser -->
      </class> <!-- Crud1.crud01 -->
    </test> <!-- Default test -->
  </suite> <!-- Default suite -->
</testng-results>
